[debug] [2025-10-08T09:14:29.751Z] ----------------------------------------------------------------------
[debug] [2025-10-08T09:14:29.755Z] Command:       /usr/bin/node /home/user/CADsystem/cattle-fence-designer/node_modules/.bin/firebase init hosting
[debug] [2025-10-08T09:14:29.756Z] CLI Version:   14.19.0
[debug] [2025-10-08T09:14:29.756Z] Platform:      linux
[debug] [2025-10-08T09:14:29.757Z] Node Version:  v20.19.5
[debug] [2025-10-08T09:14:29.757Z] Time:          Wed Oct 08 2025 09:14:29 GMT+0000 (Coordinated Universal Time)
[debug] [2025-10-08T09:14:29.757Z] ----------------------------------------------------------------------
[debug] 
[info] 
     ######## #### ########  ######## ########     ###     ######  ########
     ##        ##  ##     ## ##       ##     ##  ##   ##  ##       ##
     ######    ##  ########  ######   ########  #########  ######  ######
     ##        ##  ##    ##  ##       ##     ## ##     ##       ## ##
     ##       #### ##     ## ######## ########  ##     ##  ######  ########

You're about to initialize a Firebase project in this directory:

  /home/user/CADsystem/cattle-fence-designer

[info] 
=== Project Setup
[info] 
[info] First, let's associate this project directory with a Firebase project.
[info] You can create multiple project aliases by running firebase use --add, 
[info] 
[debug] [2025-10-08T09:14:37.153Z] > command requires scopes: ["email","openid","https://www.googleapis.com/auth/cloudplatformprojects.readonly","https://www.googleapis.com/auth/firebase","https://www.googleapis.com/auth/cloud-platform"]
[debug] [2025-10-08T09:14:37.154Z] > authorizing via signed-in user (fujinawa@race-number.co.jp)
[debug] [2025-10-08T09:14:37.155Z] Checked if tokens are valid: true, expires at: 1759917270848
[debug] [2025-10-08T09:14:37.156Z] Checked if tokens are valid: true, expires at: 1759917270848
[debug] [2025-10-08T09:14:37.159Z] >>> [apiv2][query] GET https://firebase.googleapis.com/v1beta1/projects pageSize=100
[debug] [2025-10-08T09:14:37.798Z] <<< [apiv2][status] GET https://firebase.googleapis.com/v1beta1/projects 200
[debug] [2025-10-08T09:14:37.798Z] <<< [apiv2][body] GET https://firebase.googleapis.com/v1beta1/projects [omitted]
[info] 
=== Hosting Setup
[debug] [2025-10-08T09:14:51.226Z] Checked if tokens are valid: true, expires at: 1759917270848
[debug] [2025-10-08T09:14:51.226Z] Checked if tokens are valid: true, expires at: 1759917270848
[debug] [2025-10-08T09:14:51.226Z] >>> [apiv2][query] GET https://firebase.googleapis.com/v1beta1/projects/raytech-solutions-development [none]
[debug] [2025-10-08T09:14:51.621Z] <<< [apiv2][status] GET https://firebase.googleapis.com/v1beta1/projects/raytech-solutions-development 403
[debug] [2025-10-08T09:14:51.621Z] <<< [apiv2][body] GET https://firebase.googleapis.com/v1beta1/projects/raytech-solutions-development {"error":{"code":403,"message":"The caller does not have permission","status":"PERMISSION_DENIED"}}
[debug] [2025-10-08T09:14:51.622Z] Request to https://firebase.googleapis.com/v1beta1/projects/raytech-solutions-development had HTTP Error: 403, The caller does not have permission
[debug] [2025-10-08T09:14:51.662Z] FirebaseError: Request to https://firebase.googleapis.com/v1beta1/projects/raytech-solutions-development had HTTP Error: 403, The caller does not have permission
    at responseToError (/home/user/CADsystem/cattle-fence-designer/node_modules/firebase-tools/lib/responseToError.js:52:12)
    at RetryOperation._fn (/home/user/CADsystem/cattle-fence-designer/node_modules/firebase-tools/lib/apiv2.js:312:77)
    at process.processTicksAndRejections (node:internal/process/task_queues:95:5)
[error] 
[error] Error: Failed to get Firebase project raytech-solutions-development. Please make sure the project exists and your account has permission to access it.
[debug] [2025-10-08T09:15:04.810Z] ----------------------------------------------------------------------
[debug] [2025-10-08T09:15:04.817Z] Command:       /usr/bin/node /home/user/CADsystem/cattle-fence-designer/node_modules/.bin/firebase init hosting
[debug] [2025-10-08T09:15:04.818Z] CLI Version:   14.19.0
[debug] [2025-10-08T09:15:04.818Z] Platform:      linux
[debug] [2025-10-08T09:15:04.819Z] Node Version:  v20.19.5
[debug] [2025-10-08T09:15:04.819Z] Time:          Wed Oct 08 2025 09:15:04 GMT+0000 (Coordinated Universal Time)
[debug] [2025-10-08T09:15:04.819Z] ----------------------------------------------------------------------
[debug] 
[info] 
     ######## #### ########  ######## ########     ###     ######  ########
     ##        ##  ##     ## ##       ##     ##  ##   ##  ##       ##
     ######    ##  ########  ######   ########  #########  ######  ######
     ##        ##  ##    ##  ##       ##     ## ##     ##       ## ##
     ##       #### ##     ## ######## ########  ##     ##  ######  ########

You're about to initialize a Firebase project in this directory:

  /home/user/CADsystem/cattle-fence-designer

[info] 
=== Project Setup
[info] 
[info] First, let's associate this project directory with a Firebase project.
[info] You can create multiple project aliases by running firebase use --add, 
[info] 
[debug] [2025-10-08T09:15:04.832Z] > command requires scopes: ["email","openid","https://www.googleapis.com/auth/cloudplatformprojects.readonly","https://www.googleapis.com/auth/firebase","https://www.googleapis.com/auth/cloud-platform"]
[debug] [2025-10-08T09:15:04.833Z] > authorizing via signed-in user (fujinawa@race-number.co.jp)
[debug] [2025-10-08T09:15:04.835Z] Checked if tokens are valid: true, expires at: 1759917270848
[debug] [2025-10-08T09:15:04.836Z] Checked if tokens are valid: true, expires at: 1759917270848
[debug] [2025-10-08T09:15:04.838Z] >>> [apiv2][query] GET https://firebase.googleapis.com/v1beta1/projects/raytech-solutions-development [none]
[debug] [2025-10-08T09:15:05.333Z] <<< [apiv2][status] GET https://firebase.googleapis.com/v1beta1/projects/raytech-solutions-development 403
[debug] [2025-10-08T09:15:05.333Z] <<< [apiv2][body] GET https://firebase.googleapis.com/v1beta1/projects/raytech-solutions-development {"error":{"code":403,"message":"The caller does not have permission","status":"PERMISSION_DENIED"}}
[debug] [2025-10-08T09:15:05.334Z] Request to https://firebase.googleapis.com/v1beta1/projects/raytech-solutions-development had HTTP Error: 403, The caller does not have permission
[debug] [2025-10-08T09:15:05.605Z] FirebaseError: Request to https://firebase.googleapis.com/v1beta1/projects/raytech-solutions-development had HTTP Error: 403, The caller does not have permission
    at responseToError (/home/user/CADsystem/cattle-fence-designer/node_modules/firebase-tools/lib/responseToError.js:52:12)
    at RetryOperation._fn (/home/user/CADsystem/cattle-fence-designer/node_modules/firebase-tools/lib/apiv2.js:312:77)
    at process.processTicksAndRejections (node:internal/process/task_queues:95:5)
[error] 
[error] Error: Failed to get Firebase project raytech-solutions-development. Please make sure the project exists and your account has permission to access it.
